<?xml version="1.0" encoding="UTF-8"?>
<testsuite name="com.jiho.test.web.IndexControllerTest" tests="1" skipped="0" failures="0" errors="0" timestamp="2021-05-11T14:03:41" hostname="JihoDesktop" time="0.192">
  <properties/>
  <testcase name="메인페이지_로딩()" classname="com.jiho.test.web.IndexControllerTest" time="0.192"/>
  <system-out><![CDATA[23:03:37.099 [Test worker] DEBUG org.springframework.test.context.BootstrapUtils - Instantiating CacheAwareContextLoaderDelegate from class [org.springframework.test.context.cache.DefaultCacheAwareContextLoaderDelegate]
23:03:37.113 [Test worker] DEBUG org.springframework.test.context.BootstrapUtils - Instantiating BootstrapContext using constructor [public org.springframework.test.context.support.DefaultBootstrapContext(java.lang.Class,org.springframework.test.context.CacheAwareContextLoaderDelegate)]
23:03:37.126 [Test worker] DEBUG org.springframework.test.context.BootstrapUtils - Instantiating TestContextBootstrapper for test class [com.jiho.test.web.IndexControllerTest] from class [org.springframework.boot.test.context.SpringBootTestContextBootstrapper]
23:03:37.136 [Test worker] INFO org.springframework.boot.test.context.SpringBootTestContextBootstrapper - Neither @ContextConfiguration nor @ContextHierarchy found for test class [com.jiho.test.web.IndexControllerTest], using SpringBootContextLoader
23:03:37.139 [Test worker] DEBUG org.springframework.test.context.support.AbstractContextLoader - Did not detect default resource location for test class [com.jiho.test.web.IndexControllerTest]: class path resource [com/jiho/test/web/IndexControllerTest-context.xml] does not exist
23:03:37.139 [Test worker] DEBUG org.springframework.test.context.support.AbstractContextLoader - Did not detect default resource location for test class [com.jiho.test.web.IndexControllerTest]: class path resource [com/jiho/test/web/IndexControllerTestContext.groovy] does not exist
23:03:37.139 [Test worker] INFO org.springframework.test.context.support.AbstractContextLoader - Could not detect default resource locations for test class [com.jiho.test.web.IndexControllerTest]: no resource found for suffixes {-context.xml, Context.groovy}.
23:03:37.140 [Test worker] INFO org.springframework.test.context.support.AnnotationConfigContextLoaderUtils - Could not detect default configuration classes for test class [com.jiho.test.web.IndexControllerTest]: IndexControllerTest does not declare any static, non-private, non-final, nested classes annotated with @Configuration.
23:03:37.170 [Test worker] DEBUG org.springframework.test.context.support.ActiveProfilesUtils - Could not find an 'annotation declaring class' for annotation type [org.springframework.test.context.ActiveProfiles] and class [com.jiho.test.web.IndexControllerTest]
23:03:37.239 [Test worker] DEBUG org.springframework.context.annotation.ClassPathScanningCandidateComponentProvider - Identified candidate component class: file [C:\Users\jhpar\IdeaProjects\jiho-springboot-webservice\build\classes\java\main\com\jiho\test\Application.class]
23:03:37.241 [Test worker] INFO org.springframework.boot.test.context.SpringBootTestContextBootstrapper - Found @SpringBootConfiguration com.jiho.test.Application for test class com.jiho.test.web.IndexControllerTest
23:03:37.315 [Test worker] DEBUG org.springframework.boot.test.context.SpringBootTestContextBootstrapper - @TestExecutionListeners is not present for class [com.jiho.test.web.IndexControllerTest]: using defaults.
23:03:37.315 [Test worker] INFO org.springframework.boot.test.context.SpringBootTestContextBootstrapper - Loaded default TestExecutionListener class names from location [META-INF/spring.factories]: [org.springframework.boot.test.autoconfigure.restdocs.RestDocsTestExecutionListener, org.springframework.boot.test.autoconfigure.web.client.MockRestServiceServerResetTestExecutionListener, org.springframework.boot.test.autoconfigure.web.servlet.MockMvcPrintOnlyOnFailureTestExecutionListener, org.springframework.boot.test.autoconfigure.web.servlet.WebDriverTestExecutionListener, org.springframework.boot.test.mock.mockito.MockitoTestExecutionListener, org.springframework.boot.test.mock.mockito.ResetMocksTestExecutionListener, org.springframework.test.context.web.ServletTestExecutionListener, org.springframework.test.context.support.DirtiesContextBeforeModesTestExecutionListener, org.springframework.test.context.support.DependencyInjectionTestExecutionListener, org.springframework.test.context.support.DirtiesContextTestExecutionListener, org.springframework.test.context.transaction.TransactionalTestExecutionListener, org.springframework.test.context.jdbc.SqlScriptsTestExecutionListener]
23:03:37.330 [Test worker] INFO org.springframework.boot.test.context.SpringBootTestContextBootstrapper - Using TestExecutionListeners: [org.springframework.test.context.web.ServletTestExecutionListener@5e074c21, org.springframework.test.context.support.DirtiesContextBeforeModesTestExecutionListener@6f87e86b, org.springframework.boot.test.mock.mockito.MockitoTestExecutionListener@140bda8a, org.springframework.boot.test.autoconfigure.SpringBootDependencyInjectionTestExecutionListener@685c064e, org.springframework.test.context.support.DirtiesContextTestExecutionListener@cde3920, org.springframework.test.context.transaction.TransactionalTestExecutionListener@5c4a4c60, org.springframework.test.context.jdbc.SqlScriptsTestExecutionListener@16df12e9, org.springframework.boot.test.autoconfigure.restdocs.RestDocsTestExecutionListener@1eb9080a, org.springframework.boot.test.autoconfigure.web.client.MockRestServiceServerResetTestExecutionListener@635325c4, org.springframework.boot.test.autoconfigure.web.servlet.MockMvcPrintOnlyOnFailureTestExecutionListener@6d745c82, org.springframework.boot.test.autoconfigure.web.servlet.WebDriverTestExecutionListener@3d2539f, org.springframework.boot.test.mock.mockito.ResetMocksTestExecutionListener@55fdf2b7]
23:03:37.333 [Test worker] DEBUG org.springframework.test.context.support.AbstractDirtiesContextTestExecutionListener - Before test class: context [DefaultTestContext@23f76e87 testClass = IndexControllerTest, testInstance = [null], testMethod = [null], testException = [null], mergedContextConfiguration = [WebMergedContextConfiguration@759814b3 testClass = IndexControllerTest, locations = '{}', classes = '{class com.jiho.test.Application}', contextInitializerClasses = '[]', activeProfiles = '{}', propertySourceLocations = '{}', propertySourceProperties = '{org.springframework.boot.test.context.SpringBootTestContextBootstrapper=true, server.port=0}', contextCustomizers = set[org.springframework.boot.test.autoconfigure.properties.PropertyMappingContextCustomizer@0, org.springframework.boot.test.autoconfigure.web.servlet.WebDriverContextCustomizerFactory$Customizer@3c26fafb, org.springframework.boot.test.context.filter.ExcludeFilterContextCustomizer@3de16553, org.springframework.boot.test.json.DuplicateJsonObjectContextCustomizerFactory$DuplicateJsonObjectContextCustomizer@7621c276, org.springframework.boot.test.mock.mockito.MockitoContextCustomizer@0, org.springframework.boot.test.web.client.TestRestTemplateContextCustomizer@23225ba4], resourceBasePath = 'src/main/webapp', contextLoader = 'org.springframework.boot.test.context.SpringBootContextLoader', parent = [null]], attributes = map['org.springframework.test.context.web.ServletTestExecutionListener.activateListener' -> false]], class annotated with @DirtiesContext [false] with mode [null].
23:03:37.336 [Test worker] DEBUG org.springframework.test.context.support.DependencyInjectionTestExecutionListener - Performing dependency injection for test context [[DefaultTestContext@23f76e87 testClass = IndexControllerTest, testInstance = com.jiho.test.web.IndexControllerTest@54e7ab28, testMethod = [null], testException = [null], mergedContextConfiguration = [WebMergedContextConfiguration@759814b3 testClass = IndexControllerTest, locations = '{}', classes = '{class com.jiho.test.Application}', contextInitializerClasses = '[]', activeProfiles = '{}', propertySourceLocations = '{}', propertySourceProperties = '{org.springframework.boot.test.context.SpringBootTestContextBootstrapper=true, server.port=0}', contextCustomizers = set[org.springframework.boot.test.autoconfigure.properties.PropertyMappingContextCustomizer@0, org.springframework.boot.test.autoconfigure.web.servlet.WebDriverContextCustomizerFactory$Customizer@3c26fafb, org.springframework.boot.test.context.filter.ExcludeFilterContextCustomizer@3de16553, org.springframework.boot.test.json.DuplicateJsonObjectContextCustomizerFactory$DuplicateJsonObjectContextCustomizer@7621c276, org.springframework.boot.test.mock.mockito.MockitoContextCustomizer@0, org.springframework.boot.test.web.client.TestRestTemplateContextCustomizer@23225ba4], resourceBasePath = 'src/main/webapp', contextLoader = 'org.springframework.boot.test.context.SpringBootContextLoader', parent = [null]], attributes = map['org.springframework.test.context.web.ServletTestExecutionListener.activateListener' -> false]]].
23:03:37.351 [Test worker] DEBUG org.springframework.test.context.support.TestPropertySourceUtils - Adding inlined properties to environment: {spring.jmx.enabled=false, org.springframework.boot.test.context.SpringBootTestContextBootstrapper=true, server.port=0}

  .   ____          _            __ _ _
 /\\ / ___'_ __ _ _(_)_ __  __ _ \ \ \ \
( ( )\___ | '_ | '_| | '_ \/ _` | \ \ \ \
 \\/  ___)| |_)| | | | | || (_| |  ) ) ) )
  '  |____| .__|_| |_|_| |_\__, | / / / /
 =========|_|==============|___/=/_/_/_/
 :: Spring Boot ::        (v2.1.7.RELEASE)

2021-05-11 23:03:37.536  INFO 133604 --- [    Test worker] com.jiho.test.web.IndexControllerTest    : Starting IndexControllerTest on JihoDesktop with PID 133604 (started by jhpar in C:\Users\jhpar\IdeaProjects\jiho-springboot-webservice)
2021-05-11 23:03:37.537  INFO 133604 --- [    Test worker] com.jiho.test.web.IndexControllerTest    : No active profile set, falling back to default profiles: default
2021-05-11 23:03:38.000  INFO 133604 --- [    Test worker] .s.d.r.c.RepositoryConfigurationDelegate : Bootstrapping Spring Data repositories in DEFAULT mode.
2021-05-11 23:03:38.052  INFO 133604 --- [    Test worker] .s.d.r.c.RepositoryConfigurationDelegate : Finished Spring Data repository scanning in 47ms. Found 1 repository interfaces.
2021-05-11 23:03:38.322  INFO 133604 --- [    Test worker] trationDelegate$BeanPostProcessorChecker : Bean 'org.springframework.transaction.annotation.ProxyTransactionManagementConfiguration' of type [org.springframework.transaction.annotation.ProxyTransactionManagementConfiguration$$EnhancerBySpringCGLIB$$b7ca5cc1] is not eligible for getting processed by all BeanPostProcessors (for example: not eligible for auto-proxying)
2021-05-11 23:03:38.649  INFO 133604 --- [    Test worker] o.s.b.w.embedded.tomcat.TomcatWebServer  : Tomcat initialized with port(s): 0 (http)
2021-05-11 23:03:38.669  INFO 133604 --- [    Test worker] o.apache.catalina.core.StandardService   : Starting service [Tomcat]
2021-05-11 23:03:38.669  INFO 133604 --- [    Test worker] org.apache.catalina.core.StandardEngine  : Starting Servlet engine: [Apache Tomcat/9.0.22]
2021-05-11 23:03:38.784  INFO 133604 --- [    Test worker] o.a.c.c.C.[Tomcat].[localhost].[/]       : Initializing Spring embedded WebApplicationContext
2021-05-11 23:03:38.784  INFO 133604 --- [    Test worker] o.s.web.context.ContextLoader            : Root WebApplicationContext: initialization completed in 1232 ms
2021-05-11 23:03:38.993  INFO 133604 --- [    Test worker] com.zaxxer.hikari.HikariDataSource       : HikariPool-1 - Starting...
2021-05-11 23:03:39.127  INFO 133604 --- [    Test worker] com.zaxxer.hikari.HikariDataSource       : HikariPool-1 - Start completed.
2021-05-11 23:03:39.197  INFO 133604 --- [    Test worker] o.hibernate.jpa.internal.util.LogHelper  : HHH000204: Processing PersistenceUnitInfo [
	name: default
	...]
2021-05-11 23:03:39.262  INFO 133604 --- [    Test worker] org.hibernate.Version                    : HHH000412: Hibernate Core {5.3.10.Final}
2021-05-11 23:03:39.263  INFO 133604 --- [    Test worker] org.hibernate.cfg.Environment            : HHH000206: hibernate.properties not found
2021-05-11 23:03:39.408  INFO 133604 --- [    Test worker] o.hibernate.annotations.common.Version   : HCANN000001: Hibernate Commons Annotations {5.0.4.Final}
2021-05-11 23:03:39.544  INFO 133604 --- [    Test worker] org.hibernate.dialect.Dialect            : HHH000400: Using dialect: org.hibernate.dialect.MySQL5InnoDBDialect
Hibernate: drop table if exists posts
Hibernate: create table posts (id bigint not null auto_increment, created_date datetime, modified_date datetime, author varchar(255), content TEXT not null, title varchar(500) not null, primary key (id)) engine=InnoDB
2021-05-11 23:03:40.097  INFO 133604 --- [    Test worker] o.h.t.schema.internal.SchemaCreatorImpl  : HHH000476: Executing import script 'org.hibernate.tool.schema.internal.exec.ScriptSourceInputNonExistentImpl@323f7ff4'
2021-05-11 23:03:40.099  INFO 133604 --- [    Test worker] j.LocalContainerEntityManagerFactoryBean : Initialized JPA EntityManagerFactory for persistence unit 'default'
2021-05-11 23:03:40.724  INFO 133604 --- [    Test worker] o.s.s.concurrent.ThreadPoolTaskExecutor  : Initializing ExecutorService 'applicationTaskExecutor'
2021-05-11 23:03:40.766  WARN 133604 --- [    Test worker] aWebConfiguration$JpaWebMvcConfiguration : spring.jpa.open-in-view is enabled by default. Therefore, database queries may be performed during view rendering. Explicitly configure spring.jpa.open-in-view to disable this warning
2021-05-11 23:03:40.804  INFO 133604 --- [    Test worker] o.s.b.a.w.s.WelcomePageHandlerMapping    : Adding welcome page template: index
2021-05-11 23:03:41.053  INFO 133604 --- [    Test worker] o.s.b.w.embedded.tomcat.TomcatWebServer  : Tomcat started on port(s): 49371 (http) with context path ''
2021-05-11 23:03:41.054  INFO 133604 --- [    Test worker] com.jiho.test.web.IndexControllerTest    : Started IndexControllerTest in 3.702 seconds (JVM running for 4.88)
2021-05-11 23:03:41.159  INFO 133604 --- [o-auto-1-exec-1] o.a.c.c.C.[Tomcat].[localhost].[/]       : Initializing Spring DispatcherServlet 'dispatcherServlet'
2021-05-11 23:03:41.159  INFO 133604 --- [o-auto-1-exec-1] o.s.web.servlet.DispatcherServlet        : Initializing Servlet 'dispatcherServlet'
2021-05-11 23:03:41.174  INFO 133604 --- [o-auto-1-exec-1] o.s.web.servlet.DispatcherServlet        : Completed initialization in 14 ms
]]></system-out>
  <system-err><![CDATA[]]></system-err>
</testsuite>
