<?xml version="1.0" encoding="UTF-8"?>
<testsuite name="com.jiho.test.posts.PostRepositoryTest" tests="1" skipped="0" failures="0" errors="0" timestamp="2021-05-11T13:07:12" hostname="JihoDesktop" time="0.27">
  <properties/>
  <testcase name="BaseTimeEntity_Register()" classname="com.jiho.test.posts.PostRepositoryTest" time="0.27"/>
  <system-out><![CDATA[22:07:09.086 [Test worker] DEBUG org.springframework.test.context.BootstrapUtils - Instantiating CacheAwareContextLoaderDelegate from class [org.springframework.test.context.cache.DefaultCacheAwareContextLoaderDelegate]
22:07:09.100 [Test worker] DEBUG org.springframework.test.context.BootstrapUtils - Instantiating BootstrapContext using constructor [public org.springframework.test.context.support.DefaultBootstrapContext(java.lang.Class,org.springframework.test.context.CacheAwareContextLoaderDelegate)]
22:07:09.114 [Test worker] DEBUG org.springframework.test.context.BootstrapUtils - Instantiating TestContextBootstrapper for test class [com.jiho.test.posts.PostRepositoryTest] from class [org.springframework.boot.test.context.SpringBootTestContextBootstrapper]
22:07:09.125 [Test worker] INFO org.springframework.boot.test.context.SpringBootTestContextBootstrapper - Neither @ContextConfiguration nor @ContextHierarchy found for test class [com.jiho.test.posts.PostRepositoryTest], using SpringBootContextLoader
22:07:09.128 [Test worker] DEBUG org.springframework.test.context.support.AbstractContextLoader - Did not detect default resource location for test class [com.jiho.test.posts.PostRepositoryTest]: class path resource [com/jiho/test/posts/PostRepositoryTest-context.xml] does not exist
22:07:09.128 [Test worker] DEBUG org.springframework.test.context.support.AbstractContextLoader - Did not detect default resource location for test class [com.jiho.test.posts.PostRepositoryTest]: class path resource [com/jiho/test/posts/PostRepositoryTestContext.groovy] does not exist
22:07:09.128 [Test worker] INFO org.springframework.test.context.support.AbstractContextLoader - Could not detect default resource locations for test class [com.jiho.test.posts.PostRepositoryTest]: no resource found for suffixes {-context.xml, Context.groovy}.
22:07:09.129 [Test worker] INFO org.springframework.test.context.support.AnnotationConfigContextLoaderUtils - Could not detect default configuration classes for test class [com.jiho.test.posts.PostRepositoryTest]: PostRepositoryTest does not declare any static, non-private, non-final, nested classes annotated with @Configuration.
22:07:09.159 [Test worker] DEBUG org.springframework.test.context.support.ActiveProfilesUtils - Could not find an 'annotation declaring class' for annotation type [org.springframework.test.context.ActiveProfiles] and class [com.jiho.test.posts.PostRepositoryTest]
22:07:09.209 [Test worker] DEBUG org.springframework.context.annotation.ClassPathScanningCandidateComponentProvider - Identified candidate component class: file [C:\Users\jhpar\IdeaProjects\jiho-springboot-webservice\build\classes\java\main\com\jiho\test\Application.class]
22:07:09.210 [Test worker] INFO org.springframework.boot.test.context.SpringBootTestContextBootstrapper - Found @SpringBootConfiguration com.jiho.test.Application for test class com.jiho.test.posts.PostRepositoryTest
22:07:09.285 [Test worker] DEBUG org.springframework.boot.test.context.SpringBootTestContextBootstrapper - @TestExecutionListeners is not present for class [com.jiho.test.posts.PostRepositoryTest]: using defaults.
22:07:09.286 [Test worker] INFO org.springframework.boot.test.context.SpringBootTestContextBootstrapper - Loaded default TestExecutionListener class names from location [META-INF/spring.factories]: [org.springframework.boot.test.autoconfigure.restdocs.RestDocsTestExecutionListener, org.springframework.boot.test.autoconfigure.web.client.MockRestServiceServerResetTestExecutionListener, org.springframework.boot.test.autoconfigure.web.servlet.MockMvcPrintOnlyOnFailureTestExecutionListener, org.springframework.boot.test.autoconfigure.web.servlet.WebDriverTestExecutionListener, org.springframework.boot.test.mock.mockito.MockitoTestExecutionListener, org.springframework.boot.test.mock.mockito.ResetMocksTestExecutionListener, org.springframework.test.context.web.ServletTestExecutionListener, org.springframework.test.context.support.DirtiesContextBeforeModesTestExecutionListener, org.springframework.test.context.support.DependencyInjectionTestExecutionListener, org.springframework.test.context.support.DirtiesContextTestExecutionListener, org.springframework.test.context.transaction.TransactionalTestExecutionListener, org.springframework.test.context.jdbc.SqlScriptsTestExecutionListener]
22:07:09.302 [Test worker] INFO org.springframework.boot.test.context.SpringBootTestContextBootstrapper - Using TestExecutionListeners: [org.springframework.test.context.web.ServletTestExecutionListener@4c0c7be, org.springframework.test.context.support.DirtiesContextBeforeModesTestExecutionListener@5454bf5, org.springframework.boot.test.mock.mockito.MockitoTestExecutionListener@1c4674c7, org.springframework.boot.test.autoconfigure.SpringBootDependencyInjectionTestExecutionListener@1e95efe3, org.springframework.test.context.support.DirtiesContextTestExecutionListener@1cea36b8, org.springframework.test.context.transaction.TransactionalTestExecutionListener@33dfcc33, org.springframework.test.context.jdbc.SqlScriptsTestExecutionListener@1c9066c3, org.springframework.boot.test.autoconfigure.restdocs.RestDocsTestExecutionListener@2d4b6845, org.springframework.boot.test.autoconfigure.web.client.MockRestServiceServerResetTestExecutionListener@6059d4a2, org.springframework.boot.test.autoconfigure.web.servlet.MockMvcPrintOnlyOnFailureTestExecutionListener@2d2a22ce, org.springframework.boot.test.autoconfigure.web.servlet.WebDriverTestExecutionListener@3293ffd6, org.springframework.boot.test.mock.mockito.ResetMocksTestExecutionListener@446cb081]
22:07:09.304 [Test worker] DEBUG org.springframework.test.context.support.AbstractDirtiesContextTestExecutionListener - Before test class: context [DefaultTestContext@281a0cf3 testClass = PostRepositoryTest, testInstance = [null], testMethod = [null], testException = [null], mergedContextConfiguration = [WebMergedContextConfiguration@7e82a884 testClass = PostRepositoryTest, locations = '{}', classes = '{class com.jiho.test.Application}', contextInitializerClasses = '[]', activeProfiles = '{}', propertySourceLocations = '{}', propertySourceProperties = '{org.springframework.boot.test.context.SpringBootTestContextBootstrapper=true}', contextCustomizers = set[org.springframework.boot.test.autoconfigure.properties.PropertyMappingContextCustomizer@0, org.springframework.boot.test.autoconfigure.web.servlet.WebDriverContextCustomizerFactory$Customizer@73f3b59c, org.springframework.boot.test.context.filter.ExcludeFilterContextCustomizer@6d9b205, org.springframework.boot.test.json.DuplicateJsonObjectContextCustomizerFactory$DuplicateJsonObjectContextCustomizer@6fa0dfd2, org.springframework.boot.test.mock.mockito.MockitoContextCustomizer@0, org.springframework.boot.test.web.client.TestRestTemplateContextCustomizer@752e75c5], resourceBasePath = 'src/main/webapp', contextLoader = 'org.springframework.boot.test.context.SpringBootContextLoader', parent = [null]], attributes = map['org.springframework.test.context.web.ServletTestExecutionListener.activateListener' -> true]], class annotated with @DirtiesContext [false] with mode [null].
22:07:09.321 [Test worker] DEBUG org.springframework.test.context.support.TestPropertySourceUtils - Adding inlined properties to environment: {spring.jmx.enabled=false, org.springframework.boot.test.context.SpringBootTestContextBootstrapper=true, server.port=-1}

  .   ____          _            __ _ _
 /\\ / ___'_ __ _ _(_)_ __  __ _ \ \ \ \
( ( )\___ | '_ | '_| | '_ \/ _` | \ \ \ \
 \\/  ___)| |_)| | | | | || (_| |  ) ) ) )
  '  |____| .__|_| |_|_| |_\__, | / / / /
 =========|_|==============|___/=/_/_/_/
 :: Spring Boot ::        (v2.1.7.RELEASE)

2021-05-11 22:07:09.497  INFO 127420 --- [    Test worker] com.jiho.test.posts.PostRepositoryTest   : Starting PostRepositoryTest on JihoDesktop with PID 127420 (started by jhpar in C:\Users\jhpar\IdeaProjects\jiho-springboot-webservice)
2021-05-11 22:07:09.498  INFO 127420 --- [    Test worker] com.jiho.test.posts.PostRepositoryTest   : No active profile set, falling back to default profiles: default
2021-05-11 22:07:09.991  INFO 127420 --- [    Test worker] .s.d.r.c.RepositoryConfigurationDelegate : Bootstrapping Spring Data repositories in DEFAULT mode.
2021-05-11 22:07:10.042  INFO 127420 --- [    Test worker] .s.d.r.c.RepositoryConfigurationDelegate : Finished Spring Data repository scanning in 46ms. Found 1 repository interfaces.
2021-05-11 22:07:10.306  INFO 127420 --- [    Test worker] trationDelegate$BeanPostProcessorChecker : Bean 'org.springframework.transaction.annotation.ProxyTransactionManagementConfiguration' of type [org.springframework.transaction.annotation.ProxyTransactionManagementConfiguration$$EnhancerBySpringCGLIB$$ff289287] is not eligible for getting processed by all BeanPostProcessors (for example: not eligible for auto-proxying)
2021-05-11 22:07:10.489  INFO 127420 --- [    Test worker] com.zaxxer.hikari.HikariDataSource       : HikariPool-1 - Starting...
2021-05-11 22:07:10.621  INFO 127420 --- [    Test worker] com.zaxxer.hikari.HikariDataSource       : HikariPool-1 - Start completed.
2021-05-11 22:07:10.686  INFO 127420 --- [    Test worker] o.hibernate.jpa.internal.util.LogHelper  : HHH000204: Processing PersistenceUnitInfo [
	name: default
	...]
2021-05-11 22:07:10.746  INFO 127420 --- [    Test worker] org.hibernate.Version                    : HHH000412: Hibernate Core {5.3.10.Final}
2021-05-11 22:07:10.747  INFO 127420 --- [    Test worker] org.hibernate.cfg.Environment            : HHH000206: hibernate.properties not found
2021-05-11 22:07:10.882  INFO 127420 --- [    Test worker] o.hibernate.annotations.common.Version   : HCANN000001: Hibernate Commons Annotations {5.0.4.Final}
2021-05-11 22:07:11.016  INFO 127420 --- [    Test worker] org.hibernate.dialect.Dialect            : HHH000400: Using dialect: org.hibernate.dialect.MySQL5InnoDBDialect
Hibernate: drop table if exists posts
Hibernate: create table posts (id bigint not null auto_increment, created_date datetime, modified_date datetime, author varchar(255), content TEXT not null, title varchar(500) not null, primary key (id)) engine=InnoDB
2021-05-11 22:07:11.570  INFO 127420 --- [    Test worker] o.h.t.schema.internal.SchemaCreatorImpl  : HHH000476: Executing import script 'org.hibernate.tool.schema.internal.exec.ScriptSourceInputNonExistentImpl@deed310'
2021-05-11 22:07:11.573  INFO 127420 --- [    Test worker] j.LocalContainerEntityManagerFactoryBean : Initialized JPA EntityManagerFactory for persistence unit 'default'
2021-05-11 22:07:12.270  INFO 127420 --- [    Test worker] o.s.s.concurrent.ThreadPoolTaskExecutor  : Initializing ExecutorService 'applicationTaskExecutor'
2021-05-11 22:07:12.313  WARN 127420 --- [    Test worker] aWebConfiguration$JpaWebMvcConfiguration : spring.jpa.open-in-view is enabled by default. Therefore, database queries may be performed during view rendering. Explicitly configure spring.jpa.open-in-view to disable this warning
2021-05-11 22:07:12.694  INFO 127420 --- [    Test worker] com.jiho.test.posts.PostRepositoryTest   : Started PostRepositoryTest in 3.365 seconds (JVM running for 4.543)
Hibernate: insert into posts (created_date, modified_date, author, content, title) values (?, ?, ?, ?, ?)
2021-05-11 22:07:12.853  INFO 127420 --- [    Test worker] o.h.h.i.QueryTranslatorFactoryInitiator  : HHH000397: Using ASTQueryTranslatorFactory
Hibernate: select posts0_.id as id1_0_, posts0_.created_date as created_2_0_, posts0_.modified_date as modified3_0_, posts0_.author as author4_0_, posts0_.content as content5_0_, posts0_.title as title6_0_ from posts posts0_
>>>>>>>>> createDate = 2021-05-11T22:07:12.783modifiedDate = 2021-05-11T22:07:12.783
]]></system-out>
  <system-err><![CDATA[]]></system-err>
</testsuite>
